<?xml version="1.0" encoding="UTF-8"?>
<testsuite name="com.magic.invoicegenerator.test.CabInvoiceGeneratorTest" tests="1" skipped="0" failures="0" errors="0" timestamp="2021-06-15T12:44:28" hostname="DESKTOP-N5TVIN4" time="0.079">
  <properties/>
  <testcase name="GivenTestMultipleDatesAndTime_CheckIfWithMultipleRideFare_InvoiceGeneratorReturnsInvoiceSummary()" classname="com.magic.invoicegenerator.test.CabInvoiceGeneratorTest" time="0.079"/>
  <system-out><![CDATA[]]></system-out>
  <system-err><![CDATA[]]></system-err>
</testsuite>
